ARM GAS  C:\Users\lab512\AppData\Local\Temp\ccPa7pOs.s 			page 1


   1              		.syntax unified
   2              		.cpu cortex-m3
   3              		.fpu softvfp
   4              		.eabi_attribute 20, 1
   5              		.eabi_attribute 21, 1
   6              		.eabi_attribute 23, 3
   7              		.eabi_attribute 24, 1
   8              		.eabi_attribute 25, 1
   9              		.eabi_attribute 26, 1
  10              		.eabi_attribute 30, 1
  11              		.eabi_attribute 34, 1
  12              		.eabi_attribute 18, 4
  13              		.thumb
  14              		.file	"cymetadata.c"
  15              		.text
  16              	.Ltext0:
  17              		.cfi_sections	.debug_frame
  18              		.global	cy_metadata
  19              		.global	cy_meta_flashprotect
  20              		.global	cy_meta_wonvl
  21              		.global	cy_meta_custnvl
  22              		.global	cy_meta_configecc
  23              		.section	.cyconfigecc,"a",%progbits
  24              		.align	2
  25              		.type	cy_meta_configecc, %object
  26              		.size	cy_meta_configecc, 888
  27              	cy_meta_configecc:
  28 0000 02       		.byte	2
  29 0001 52       		.byte	82
  30 0002 00       		.byte	0
  31 0003 40       		.byte	64
  32 0004 03       		.byte	3
  33 0005 64       		.byte	100
  34 0006 00       		.byte	0
  35 0007 40       		.byte	64
  36 0008 3B       		.byte	59
  37 0009 00       		.byte	0
  38 000a 01       		.byte	1
  39 000b 40       		.byte	64
  40 000c 2E       		.byte	46
  41 000d 01       		.byte	1
  42 000e 01       		.byte	1
  43 000f 40       		.byte	64
  44 0010 4A       		.byte	74
  45 0011 02       		.byte	2
  46 0012 01       		.byte	1
  47 0013 40       		.byte	64
  48 0014 3C       		.byte	60
  49 0015 03       		.byte	3
  50 0016 01       		.byte	1
  51 0017 40       		.byte	64
  52 0018 5D       		.byte	93
  53 0019 04       		.byte	4
  54 001a 01       		.byte	1
  55 001b 40       		.byte	64
  56 001c 3A       		.byte	58
  57 001d 05       		.byte	5
ARM GAS  C:\Users\lab512\AppData\Local\Temp\ccPa7pOs.s 			page 2


  58 001e 01       		.byte	1
  59 001f 40       		.byte	64
  60 0020 03       		.byte	3
  61 0021 07       		.byte	7
  62 0022 01       		.byte	1
  63 0023 40       		.byte	64
  64 0024 04       		.byte	4
  65 0025 41       		.byte	65
  66 0026 01       		.byte	1
  67 0027 40       		.byte	64
  68 0028 04       		.byte	4
  69 0029 42       		.byte	66
  70 002a 01       		.byte	1
  71 002b 40       		.byte	64
  72 002c 03       		.byte	3
  73 002d 50       		.byte	80
  74 002e 01       		.byte	1
  75 002f 40       		.byte	64
  76 0030 01       		.byte	1
  77 0031 02       		.byte	2
  78 0032 04       		.byte	4
  79 0033 01       		.byte	1
  80 0034 81       		.byte	-127
  81 0035 72       		.byte	114
  82 0036 83       		.byte	-125
  83 0037 38       		.byte	56
  84 0038 85       		.byte	-123
  85 0039 0F       		.byte	15
  86 003a 01       		.byte	1
  87 003b 08       		.byte	8
  88 003c 04       		.byte	4
  89 003d 06       		.byte	6
  90 003e 06       		.byte	6
  91 003f 01       		.byte	1
  92 0040 07       		.byte	7
  93 0041 03       		.byte	3
  94 0042 08       		.byte	8
  95 0043 07       		.byte	7
  96 0044 09       		.byte	9
  97 0045 03       		.byte	3
  98 0046 0D       		.byte	13
  99 0047 0C       		.byte	12
 100 0048 0F       		.byte	15
 101 0049 03       		.byte	3
 102 004a 10       		.byte	16
 103 004b 01       		.byte	1
 104 004c 12       		.byte	18
 105 004d 06       		.byte	6
 106 004e 14       		.byte	20
 107 004f 07       		.byte	7
 108 0050 15       		.byte	21
 109 0051 0C       		.byte	12
 110 0052 19       		.byte	25
 111 0053 04       		.byte	4
 112 0054 1A       		.byte	26
 113 0055 01       		.byte	1
 114 0056 1D       		.byte	29
ARM GAS  C:\Users\lab512\AppData\Local\Temp\ccPa7pOs.s 			page 3


 115 0057 01       		.byte	1
 116 0058 20       		.byte	32
 117 0059 04       		.byte	4
 118 005a 21       		.byte	33
 119 005b 0F       		.byte	15
 120 005c 24       		.byte	36
 121 005d 02       		.byte	2
 122 005e 25       		.byte	37
 123 005f 02       		.byte	2
 124 0060 28       		.byte	40
 125 0061 06       		.byte	6
 126 0062 29       		.byte	41
 127 0063 0F       		.byte	15
 128 0064 2D       		.byte	45
 129 0065 03       		.byte	3
 130 0066 2F       		.byte	47
 131 0067 0C       		.byte	12
 132 0068 36       		.byte	54
 133 0069 07       		.byte	7
 134 006a 37       		.byte	55
 135 006b 0F       		.byte	15
 136 006c 3B       		.byte	59
 137 006d 80       		.byte	-128
 138 006e 58       		.byte	88
 139 006f 04       		.byte	4
 140 0070 59       		.byte	89
 141 0071 04       		.byte	4
 142 0072 5F       		.byte	95
 143 0073 01       		.byte	1
 144 0074 81       		.byte	-127
 145 0075 10       		.byte	16
 146 0076 84       		.byte	-124
 147 0077 01       		.byte	1
 148 0078 85       		.byte	-123
 149 0079 08       		.byte	8
 150 007a 88       		.byte	-120
 151 007b 01       		.byte	1
 152 007c 89       		.byte	-119
 153 007d 7F       		.byte	127
 154 007e 8F       		.byte	-113
 155 007f 04       		.byte	4
 156 0080 91       		.byte	-111
 157 0081 1C       		.byte	28
 158 0082 93       		.byte	-109
 159 0083 61       		.byte	97
 160 0084 95       		.byte	-107
 161 0085 60       		.byte	96
 162 0086 99       		.byte	-103
 163 0087 1C       		.byte	28
 164 0088 9B       		.byte	-101
 165 0089 62       		.byte	98
 166 008a 9D       		.byte	-99
 167 008b 67       		.byte	103
 168 008c 9F       		.byte	-97
 169 008d 18       		.byte	24
 170 008e A1       		.byte	-95
 171 008f 24       		.byte	36
ARM GAS  C:\Users\lab512\AppData\Local\Temp\ccPa7pOs.s 			page 4


 172 0090 A5       		.byte	-91
 173 0091 40       		.byte	64
 174 0092 A8       		.byte	-88
 175 0093 01       		.byte	1
 176 0094 A9       		.byte	-87
 177 0095 18       		.byte	24
 178 0096 AC       		.byte	-84
 179 0097 01       		.byte	1
 180 0098 AF       		.byte	-81
 181 0099 63       		.byte	99
 182 009a B0       		.byte	-80
 183 009b 01       		.byte	1
 184 009c B3       		.byte	-77
 185 009d 1F       		.byte	31
 186 009e B7       		.byte	-73
 187 009f 60       		.byte	96
 188 00a0 BB       		.byte	-69
 189 00a1 08       		.byte	8
 190 00a2 BE       		.byte	-66
 191 00a3 01       		.byte	1
 192 00a4 D6       		.byte	-42
 193 00a5 02       		.byte	2
 194 00a6 D7       		.byte	-41
 195 00a7 10       		.byte	16
 196 00a8 D8       		.byte	-40
 197 00a9 04       		.byte	4
 198 00aa D9       		.byte	-39
 199 00ab 04       		.byte	4
 200 00ac DB       		.byte	-37
 201 00ad 04       		.byte	4
 202 00ae DF       		.byte	-33
 203 00af 01       		.byte	1
 204 00b0 00       		.byte	0
 205 00b1 14       		.byte	20
 206 00b2 04       		.byte	4
 207 00b3 14       		.byte	20
 208 00b4 05       		.byte	5
 209 00b5 14       		.byte	20
 210 00b6 08       		.byte	8
 211 00b7 05       		.byte	5
 212 00b8 09       		.byte	9
 213 00b9 20       		.byte	32
 214 00ba 0B       		.byte	11
 215 00bb 04       		.byte	4
 216 00bc 10       		.byte	16
 217 00bd A8       		.byte	-88
 218 00be 14       		.byte	20
 219 00bf 05       		.byte	5
 220 00c0 15       		.byte	21
 221 00c1 80       		.byte	-128
 222 00c2 17       		.byte	23
 223 00c3 10       		.byte	16
 224 00c4 19       		.byte	25
 225 00c5 80       		.byte	-128
 226 00c6 1E       		.byte	30
 227 00c7 80       		.byte	-128
 228 00c8 21       		.byte	33
ARM GAS  C:\Users\lab512\AppData\Local\Temp\ccPa7pOs.s 			page 5


 229 00c9 40       		.byte	64
 230 00ca 22       		.byte	34
 231 00cb 80       		.byte	-128
 232 00cc 26       		.byte	38
 233 00cd 04       		.byte	4
 234 00ce 27       		.byte	39
 235 00cf 11       		.byte	17
 236 00d0 28       		.byte	40
 237 00d1 11       		.byte	17
 238 00d2 29       		.byte	41
 239 00d3 11       		.byte	17
 240 00d4 2C       		.byte	44
 241 00d5 58       		.byte	88
 242 00d6 2E       		.byte	46
 243 00d7 40       		.byte	64
 244 00d8 30       		.byte	48
 245 00d9 68       		.byte	104
 246 00da 35       		.byte	53
 247 00db 01       		.byte	1
 248 00dc 36       		.byte	54
 249 00dd 89       		.byte	-119
 250 00de 37       		.byte	55
 251 00df 10       		.byte	16
 252 00e0 38       		.byte	56
 253 00e1 60       		.byte	96
 254 00e2 3A       		.byte	58
 255 00e3 01       		.byte	1
 256 00e4 3B       		.byte	59
 257 00e5 04       		.byte	4
 258 00e6 3C       		.byte	60
 259 00e7 10       		.byte	16
 260 00e8 3D       		.byte	61
 261 00e9 80       		.byte	-128
 262 00ea 3E       		.byte	62
 263 00eb 0A       		.byte	10
 264 00ec 5E       		.byte	94
 265 00ed 80       		.byte	-128
 266 00ee 6D       		.byte	109
 267 00ef 44       		.byte	68
 268 00f0 6F       		.byte	111
 269 00f1 08       		.byte	8
 270 00f2 74       		.byte	116
 271 00f3 A8       		.byte	-88
 272 00f4 76       		.byte	118
 273 00f5 0F       		.byte	15
 274 00f6 77       		.byte	119
 275 00f7 02       		.byte	2
 276 00f8 80       		.byte	-128
 277 00f9 40       		.byte	64
 278 00fa 81       		.byte	-127
 279 00fb 04       		.byte	4
 280 00fc 82       		.byte	-126
 281 00fd 05       		.byte	5
 282 00fe C0       		.byte	-64
 283 00ff 66       		.byte	102
 284 0100 C2       		.byte	-62
 285 0101 0E       		.byte	14
ARM GAS  C:\Users\lab512\AppData\Local\Temp\ccPa7pOs.s 			page 6


 286 0102 C4       		.byte	-60
 287 0103 CE       		.byte	-50
 288 0104 CA       		.byte	-54
 289 0105 FF       		.byte	-1
 290 0106 CC       		.byte	-52
 291 0107 FE       		.byte	-2
 292 0108 CE       		.byte	-50
 293 0109 FF       		.byte	-1
 294 010a D6       		.byte	-42
 295 010b 10       		.byte	16
 296 010c 00       		.byte	0
 297 010d 08       		.byte	8
 298 010e 04       		.byte	4
 299 010f 06       		.byte	6
 300 0110 05       		.byte	5
 301 0111 67       		.byte	103
 302 0112 06       		.byte	6
 303 0113 01       		.byte	1
 304 0114 08       		.byte	8
 305 0115 07       		.byte	7
 306 0116 12       		.byte	18
 307 0117 01       		.byte	1
 308 0118 14       		.byte	20
 309 0119 06       		.byte	6
 310 011a 15       		.byte	21
 311 011b 01       		.byte	1
 312 011c 17       		.byte	23
 313 011d 0E       		.byte	14
 314 011e 18       		.byte	24
 315 011f 06       		.byte	6
 316 0120 19       		.byte	25
 317 0121 44       		.byte	68
 318 0122 1A       		.byte	26
 319 0123 01       		.byte	1
 320 0124 1B       		.byte	27
 321 0125 31       		.byte	49
 322 0126 1C       		.byte	28
 323 0127 01       		.byte	1
 324 0128 1E       		.byte	30
 325 0129 06       		.byte	6
 326 012a 20       		.byte	32
 327 012b 04       		.byte	4
 328 012c 24       		.byte	36
 329 012d 08       		.byte	8
 330 012e 25       		.byte	37
 331 012f 22       		.byte	34
 332 0130 27       		.byte	39
 333 0131 D1       		.byte	-47
 334 0132 28       		.byte	40
 335 0133 02       		.byte	2
 336 0134 29       		.byte	41
 337 0135 67       		.byte	103
 338 0136 2C       		.byte	44
 339 0137 08       		.byte	8
 340 0138 30       		.byte	48
 341 0139 08       		.byte	8
 342 013a 31       		.byte	49
ARM GAS  C:\Users\lab512\AppData\Local\Temp\ccPa7pOs.s 			page 7


 343 013b 18       		.byte	24
 344 013c 32       		.byte	50
 345 013d 07       		.byte	7
 346 013e 33       		.byte	51
 347 013f 07       		.byte	7
 348 0140 35       		.byte	53
 349 0141 60       		.byte	96
 350 0142 37       		.byte	55
 351 0143 80       		.byte	-128
 352 0144 3A       		.byte	58
 353 0145 28       		.byte	40
 354 0146 3F       		.byte	63
 355 0147 01       		.byte	1
 356 0148 58       		.byte	88
 357 0149 04       		.byte	4
 358 014a 59       		.byte	89
 359 014b 04       		.byte	4
 360 014c 5F       		.byte	95
 361 014d 01       		.byte	1
 362 014e 82       		.byte	-126
 363 014f 04       		.byte	4
 364 0150 84       		.byte	-124
 365 0151 02       		.byte	2
 366 0152 8E       		.byte	-114
 367 0153 01       		.byte	1
 368 0154 90       		.byte	-112
 369 0155 02       		.byte	2
 370 0156 96       		.byte	-106
 371 0157 02       		.byte	2
 372 0158 9E       		.byte	-98
 373 0159 04       		.byte	4
 374 015a A6       		.byte	-90
 375 015b 01       		.byte	1
 376 015c AA       		.byte	-86
 377 015d 02       		.byte	2
 378 015e B0       		.byte	-80
 379 015f 01       		.byte	1
 380 0160 B4       		.byte	-76
 381 0161 04       		.byte	4
 382 0162 B6       		.byte	-74
 383 0163 02       		.byte	2
 384 0164 B8       		.byte	-72
 385 0165 80       		.byte	-128
 386 0166 BE       		.byte	-66
 387 0167 11       		.byte	17
 388 0168 C0       		.byte	-64
 389 0169 12       		.byte	18
 390 016a C1       		.byte	-63
 391 016b 06       		.byte	6
 392 016c C2       		.byte	-62
 393 016d 05       		.byte	5
 394 016e C4       		.byte	-60
 395 016f 04       		.byte	4
 396 0170 C5       		.byte	-59
 397 0171 0C       		.byte	12
 398 0172 C6       		.byte	-58
 399 0173 0E       		.byte	14
ARM GAS  C:\Users\lab512\AppData\Local\Temp\ccPa7pOs.s 			page 8


 400 0174 C8       		.byte	-56
 401 0175 05       		.byte	5
 402 0176 C9       		.byte	-55
 403 0177 FF       		.byte	-1
 404 0178 CA       		.byte	-54
 405 0179 FF       		.byte	-1
 406 017a CB       		.byte	-53
 407 017b FF       		.byte	-1
 408 017c CC       		.byte	-52
 409 017d 62       		.byte	98
 410 017e CD       		.byte	-51
 411 017f A0       		.byte	-96
 412 0180 CE       		.byte	-50
 413 0181 F0       		.byte	-16
 414 0182 CF       		.byte	-49
 415 0183 41       		.byte	65
 416 0184 D0       		.byte	-48
 417 0185 0C       		.byte	12
 418 0186 D4       		.byte	-44
 419 0187 18       		.byte	24
 420 0188 D8       		.byte	-40
 421 0189 04       		.byte	4
 422 018a DA       		.byte	-38
 423 018b 04       		.byte	4
 424 018c DB       		.byte	-37
 425 018d 04       		.byte	4
 426 018e DF       		.byte	-33
 427 018f 01       		.byte	1
 428 0190 E6       		.byte	-26
 429 0191 40       		.byte	64
 430 0192 E7       		.byte	-25
 431 0193 02       		.byte	2
 432 0194 E9       		.byte	-23
 433 0195 10       		.byte	16
 434 0196 EA       		.byte	-22
 435 0197 30       		.byte	48
 436 0198 EB       		.byte	-21
 437 0199 10       		.byte	16
 438 019a ED       		.byte	-19
 439 019b 10       		.byte	16
 440 019c EE       		.byte	-18
 441 019d 10       		.byte	16
 442 019e EF       		.byte	-17
 443 019f 12       		.byte	18
 444 01a0 00       		.byte	0
 445 01a1 08       		.byte	8
 446 01a2 01       		.byte	1
 447 01a3 80       		.byte	-128
 448 01a4 02       		.byte	2
 449 01a5 40       		.byte	64
 450 01a6 05       		.byte	5
 451 01a7 14       		.byte	20
 452 01a8 07       		.byte	7
 453 01a9 40       		.byte	64
 454 01aa 08       		.byte	8
 455 01ab 02       		.byte	2
 456 01ac 09       		.byte	9
ARM GAS  C:\Users\lab512\AppData\Local\Temp\ccPa7pOs.s 			page 9


 457 01ad 08       		.byte	8
 458 01ae 0A       		.byte	10
 459 01af 01       		.byte	1
 460 01b0 0C       		.byte	12
 461 01b1 08       		.byte	8
 462 01b2 0D       		.byte	13
 463 01b3 40       		.byte	64
 464 01b4 0E       		.byte	14
 465 01b5 48       		.byte	72
 466 01b6 10       		.byte	16
 467 01b7 24       		.byte	36
 468 01b8 15       		.byte	21
 469 01b9 44       		.byte	68
 470 01ba 16       		.byte	22
 471 01bb 04       		.byte	4
 472 01bc 17       		.byte	23
 473 01bd 02       		.byte	2
 474 01be 18       		.byte	24
 475 01bf 04       		.byte	4
 476 01c0 1A       		.byte	26
 477 01c1 01       		.byte	1
 478 01c2 1B       		.byte	27
 479 01c3 01       		.byte	1
 480 01c4 1C       		.byte	28
 481 01c5 08       		.byte	8
 482 01c6 1D       		.byte	29
 483 01c7 1C       		.byte	28
 484 01c8 1E       		.byte	30
 485 01c9 40       		.byte	64
 486 01ca 24       		.byte	36
 487 01cb 60       		.byte	96
 488 01cc 25       		.byte	37
 489 01cd 40       		.byte	64
 490 01ce 26       		.byte	38
 491 01cf 18       		.byte	24
 492 01d0 2F       		.byte	47
 493 01d1 28       		.byte	40
 494 01d2 34       		.byte	52
 495 01d3 10       		.byte	16
 496 01d4 36       		.byte	54
 497 01d5 18       		.byte	24
 498 01d6 3D       		.byte	61
 499 01d7 04       		.byte	4
 500 01d8 40       		.byte	64
 501 01d9 42       		.byte	66
 502 01da 41       		.byte	65
 503 01db 60       		.byte	96
 504 01dc 48       		.byte	72
 505 01dd 20       		.byte	32
 506 01de 49       		.byte	73
 507 01df 90       		.byte	-112
 508 01e0 52       		.byte	82
 509 01e1 40       		.byte	64
 510 01e2 5B       		.byte	91
 511 01e3 01       		.byte	1
 512 01e4 60       		.byte	96
 513 01e5 04       		.byte	4
ARM GAS  C:\Users\lab512\AppData\Local\Temp\ccPa7pOs.s 			page 10


 514 01e6 63       		.byte	99
 515 01e7 02       		.byte	2
 516 01e8 91       		.byte	-111
 517 01e9 C4       		.byte	-60
 518 01ea 94       		.byte	-108
 519 01eb 20       		.byte	32
 520 01ec 96       		.byte	-106
 521 01ed 40       		.byte	64
 522 01ee 98       		.byte	-104
 523 01ef 04       		.byte	4
 524 01f0 99       		.byte	-103
 525 01f1 80       		.byte	-128
 526 01f2 9A       		.byte	-102
 527 01f3 04       		.byte	4
 528 01f4 9B       		.byte	-101
 529 01f5 03       		.byte	3
 530 01f6 9C       		.byte	-100
 531 01f7 50       		.byte	80
 532 01f8 9D       		.byte	-99
 533 01f9 14       		.byte	20
 534 01fa A0       		.byte	-96
 535 01fb 08       		.byte	8
 536 01fc A2       		.byte	-94
 537 01fd 04       		.byte	4
 538 01fe A3       		.byte	-93
 539 01ff 08       		.byte	8
 540 0200 A5       		.byte	-91
 541 0201 60       		.byte	96
 542 0202 A6       		.byte	-90
 543 0203 08       		.byte	8
 544 0204 C0       		.byte	-64
 545 0205 7D       		.byte	125
 546 0206 C2       		.byte	-62
 547 0207 FD       		.byte	-3
 548 0208 C4       		.byte	-60
 549 0209 F6       		.byte	-10
 550 020a CA       		.byte	-54
 551 020b 60       		.byte	96
 552 020c CC       		.byte	-52
 553 020d 60       		.byte	96
 554 020e CE       		.byte	-50
 555 020f 40       		.byte	64
 556 0210 D0       		.byte	-48
 557 0211 0D       		.byte	13
 558 0212 D2       		.byte	-46
 559 0213 0C       		.byte	12
 560 0214 D6       		.byte	-42
 561 0215 01       		.byte	1
 562 0216 D8       		.byte	-40
 563 0217 0C       		.byte	12
 564 0218 05       		.byte	5
 565 0219 20       		.byte	32
 566 021a 07       		.byte	7
 567 021b 03       		.byte	3
 568 021c 0A       		.byte	10
 569 021d 01       		.byte	1
 570 021e 0D       		.byte	13
ARM GAS  C:\Users\lab512\AppData\Local\Temp\ccPa7pOs.s 			page 11


 571 021f 0C       		.byte	12
 572 0220 0F       		.byte	15
 573 0221 13       		.byte	19
 574 0222 13       		.byte	19
 575 0223 0C       		.byte	12
 576 0224 15       		.byte	21
 577 0225 11       		.byte	17
 578 0226 17       		.byte	23
 579 0227 06       		.byte	6
 580 0228 18       		.byte	24
 581 0229 03       		.byte	3
 582 022a 19       		.byte	25
 583 022b 11       		.byte	17
 584 022c 1B       		.byte	27
 585 022d 0E       		.byte	14
 586 022e 20       		.byte	32
 587 022f 02       		.byte	2
 588 0230 23       		.byte	35
 589 0231 08       		.byte	8
 590 0232 24       		.byte	36
 591 0233 03       		.byte	3
 592 0234 31       		.byte	49
 593 0235 30       		.byte	48
 594 0236 36       		.byte	54
 595 0237 03       		.byte	3
 596 0238 37       		.byte	55
 597 0239 0F       		.byte	15
 598 023a 38       		.byte	56
 599 023b 80       		.byte	-128
 600 023c 39       		.byte	57
 601 023d 02       		.byte	2
 602 023e 3B       		.byte	59
 603 023f 80       		.byte	-128
 604 0240 3E       		.byte	62
 605 0241 40       		.byte	64
 606 0242 40       		.byte	64
 607 0243 01       		.byte	1
 608 0244 45       		.byte	69
 609 0245 40       		.byte	64
 610 0246 49       		.byte	73
 611 0247 FF       		.byte	-1
 612 0248 4A       		.byte	74
 613 0249 07       		.byte	7
 614 024a 4B       		.byte	75
 615 024b FF       		.byte	-1
 616 024c 4C       		.byte	76
 617 024d 40       		.byte	64
 618 024e 4D       		.byte	77
 619 024f 20       		.byte	32
 620 0250 4E       		.byte	78
 621 0251 F0       		.byte	-16
 622 0252 4F       		.byte	79
 623 0253 05       		.byte	5
 624 0254 50       		.byte	80
 625 0255 08       		.byte	8
 626 0256 58       		.byte	88
 627 0257 04       		.byte	4
ARM GAS  C:\Users\lab512\AppData\Local\Temp\ccPa7pOs.s 			page 12


 628 0258 59       		.byte	89
 629 0259 04       		.byte	4
 630 025a 5A       		.byte	90
 631 025b 04       		.byte	4
 632 025c 5F       		.byte	95
 633 025d 01       		.byte	1
 634 025e 60       		.byte	96
 635 025f 40       		.byte	64
 636 0260 61       		.byte	97
 637 0261 A8       		.byte	-88
 638 0262 62       		.byte	98
 639 0263 40       		.byte	64
 640 0264 63       		.byte	99
 641 0265 20       		.byte	32
 642 0266 80       		.byte	-128
 643 0267 10       		.byte	16
 644 0268 81       		.byte	-127
 645 0269 03       		.byte	3
 646 026a 82       		.byte	-126
 647 026b 40       		.byte	64
 648 026c 83       		.byte	-125
 649 026d 24       		.byte	36
 650 026e 84       		.byte	-124
 651 026f 10       		.byte	16
 652 0270 85       		.byte	-123
 653 0271 23       		.byte	35
 654 0272 86       		.byte	-122
 655 0273 AC       		.byte	-84
 656 0274 87       		.byte	-121
 657 0275 0C       		.byte	12
 658 0276 88       		.byte	-120
 659 0277 0C       		.byte	12
 660 0278 8A       		.byte	-118
 661 0279 71       		.byte	113
 662 027a 8B       		.byte	-117
 663 027b 25       		.byte	37
 664 027c 8E       		.byte	-114
 665 027d 03       		.byte	3
 666 027e 93       		.byte	-109
 667 027f 08       		.byte	8
 668 0280 96       		.byte	-106
 669 0281 20       		.byte	32
 670 0282 98       		.byte	-104
 671 0283 14       		.byte	20
 672 0284 9C       		.byte	-100
 673 0285 DC       		.byte	-36
 674 0286 9D       		.byte	-99
 675 0287 0A       		.byte	10
 676 0288 9E       		.byte	-98
 677 0289 22       		.byte	34
 678 028a 9F       		.byte	-97
 679 028b 24       		.byte	36
 680 028c A0       		.byte	-96
 681 028d 09       		.byte	9
 682 028e A2       		.byte	-94
 683 028f D0       		.byte	-48
 684 0290 A5       		.byte	-91
ARM GAS  C:\Users\lab512\AppData\Local\Temp\ccPa7pOs.s 			page 13


 685 0291 23       		.byte	35
 686 0292 A7       		.byte	-89
 687 0293 04       		.byte	4
 688 0294 A9       		.byte	-87
 689 0295 10       		.byte	16
 690 0296 AD       		.byte	-83
 691 0297 40       		.byte	64
 692 0298 B1       		.byte	-79
 693 0299 20       		.byte	32
 694 029a B3       		.byte	-77
 695 029b 0F       		.byte	15
 696 029c B4       		.byte	-76
 697 029d E0       		.byte	-32
 698 029e B5       		.byte	-75
 699 029f 10       		.byte	16
 700 02a0 B6       		.byte	-74
 701 02a1 1F       		.byte	31
 702 02a2 B7       		.byte	-73
 703 02a3 40       		.byte	64
 704 02a4 BA       		.byte	-70
 705 02a5 20       		.byte	32
 706 02a6 BB       		.byte	-69
 707 02a7 08       		.byte	8
 708 02a8 BF       		.byte	-65
 709 02a9 51       		.byte	81
 710 02aa C0       		.byte	-64
 711 02ab 36       		.byte	54
 712 02ac C1       		.byte	-63
 713 02ad 02       		.byte	2
 714 02ae C5       		.byte	-59
 715 02af 0B       		.byte	11
 716 02b0 C7       		.byte	-57
 717 02b1 CE       		.byte	-50
 718 02b2 C8       		.byte	-56
 719 02b3 31       		.byte	49
 720 02b4 C9       		.byte	-55
 721 02b5 FF       		.byte	-1
 722 02b6 CA       		.byte	-54
 723 02b7 FF       		.byte	-1
 724 02b8 CB       		.byte	-53
 725 02b9 FF       		.byte	-1
 726 02ba CE       		.byte	-50
 727 02bb F0       		.byte	-16
 728 02bc CF       		.byte	-49
 729 02bd 44       		.byte	68
 730 02be D0       		.byte	-48
 731 02bf 0C       		.byte	12
 732 02c0 D4       		.byte	-44
 733 02c1 01       		.byte	1
 734 02c2 D8       		.byte	-40
 735 02c3 04       		.byte	4
 736 02c4 D9       		.byte	-39
 737 02c5 04       		.byte	4
 738 02c6 DA       		.byte	-38
 739 02c7 04       		.byte	4
 740 02c8 DB       		.byte	-37
 741 02c9 04       		.byte	4
ARM GAS  C:\Users\lab512\AppData\Local\Temp\ccPa7pOs.s 			page 14


 742 02ca DF       		.byte	-33
 743 02cb 01       		.byte	1
 744 02cc E6       		.byte	-26
 745 02cd C0       		.byte	-64
 746 02ce EA       		.byte	-22
 747 02cf 40       		.byte	64
 748 02d0 EB       		.byte	-21
 749 02d1 02       		.byte	2
 750 02d2 00       		.byte	0
 751 02d3 20       		.byte	32
 752 02d4 02       		.byte	2
 753 02d5 08       		.byte	8
 754 02d6 05       		.byte	5
 755 02d7 D1       		.byte	-47
 756 02d8 07       		.byte	7
 757 02d9 20       		.byte	32
 758 02da 09       		.byte	9
 759 02db 20       		.byte	32
 760 02dc 0D       		.byte	13
 761 02dd 40       		.byte	64
 762 02de 0E       		.byte	14
 763 02df 20       		.byte	32
 764 02e0 0F       		.byte	15
 765 02e1 08       		.byte	8
 766 02e2 11       		.byte	17
 767 02e3 08       		.byte	8
 768 02e4 12       		.byte	18
 769 02e5 80       		.byte	-128
 770 02e6 15       		.byte	21
 771 02e7 02       		.byte	2
 772 02e8 18       		.byte	24
 773 02e9 01       		.byte	1
 774 02ea 1D       		.byte	29
 775 02eb 70       		.byte	112
 776 02ec 1F       		.byte	31
 777 02ed 10       		.byte	16
 778 02ee 21       		.byte	33
 779 02ef 41       		.byte	65
 780 02f0 22       		.byte	34
 781 02f1 82       		.byte	-126
 782 02f2 24       		.byte	36
 783 02f3 40       		.byte	64
 784 02f4 25       		.byte	37
 785 02f5 0C       		.byte	12
 786 02f6 27       		.byte	39
 787 02f7 2A       		.byte	42
 788 02f8 29       		.byte	41
 789 02f9 01       		.byte	1
 790 02fa 2D       		.byte	45
 791 02fb 80       		.byte	-128
 792 02fc 2F       		.byte	47
 793 02fd 18       		.byte	24
 794 02fe 31       		.byte	49
 795 02ff 28       		.byte	40
 796 0300 32       		.byte	50
 797 0301 02       		.byte	2
 798 0302 36       		.byte	54
ARM GAS  C:\Users\lab512\AppData\Local\Temp\ccPa7pOs.s 			page 15


 799 0303 82       		.byte	-126
 800 0304 39       		.byte	57
 801 0305 80       		.byte	-128
 802 0306 3B       		.byte	59
 803 0307 04       		.byte	4
 804 0308 3C       		.byte	60
 805 0309 20       		.byte	32
 806 030a 3D       		.byte	61
 807 030b 08       		.byte	8
 808 030c 3F       		.byte	63
 809 030d 02       		.byte	2
 810 030e 40       		.byte	64
 811 030f 01       		.byte	1
 812 0310 45       		.byte	69
 813 0311 24       		.byte	36
 814 0312 48       		.byte	72
 815 0313 10       		.byte	16
 816 0314 49       		.byte	73
 817 0315 01       		.byte	1
 818 0316 4A       		.byte	74
 819 0317 10       		.byte	16
 820 0318 4B       		.byte	75
 821 0319 04       		.byte	4
 822 031a 4E       		.byte	78
 823 031b 08       		.byte	8
 824 031c 4F       		.byte	79
 825 031d 08       		.byte	8
 826 031e 57       		.byte	87
 827 031f 09       		.byte	9
 828 0320 5C       		.byte	92
 829 0321 42       		.byte	66
 830 0322 5D       		.byte	93
 831 0323 10       		.byte	16
 832 0324 5F       		.byte	95
 833 0325 08       		.byte	8
 834 0326 8F       		.byte	-113
 835 0327 02       		.byte	2
 836 0328 A9       		.byte	-87
 837 0329 20       		.byte	32
 838 032a AA       		.byte	-86
 839 032b 40       		.byte	64
 840 032c AB       		.byte	-85
 841 032d 48       		.byte	72
 842 032e AC       		.byte	-84
 843 032f 40       		.byte	64
 844 0330 AF       		.byte	-81
 845 0331 20       		.byte	32
 846 0332 C0       		.byte	-64
 847 0333 F2       		.byte	-14
 848 0334 C2       		.byte	-62
 849 0335 E2       		.byte	-30
 850 0336 C4       		.byte	-60
 851 0337 1C       		.byte	28
 852 0338 CA       		.byte	-54
 853 0339 71       		.byte	113
 854 033a CC       		.byte	-52
 855 033b 97       		.byte	-105
ARM GAS  C:\Users\lab512\AppData\Local\Temp\ccPa7pOs.s 			page 16


 856 033c CE       		.byte	-50
 857 033d EA       		.byte	-22
 858 033e D0       		.byte	-48
 859 033f 68       		.byte	104
 860 0340 D2       		.byte	-46
 861 0341 20       		.byte	32
 862 0342 D6       		.byte	-42
 863 0343 F0       		.byte	-16
 864 0344 E2       		.byte	-30
 865 0345 10       		.byte	16
 866 0346 B0       		.byte	-80
 867 0347 02       		.byte	2
 868 0348 B1       		.byte	-79
 869 0349 10       		.byte	16
 870 034a B3       		.byte	-77
 871 034b 09       		.byte	9
 872 034c 03       		.byte	3
 873 034d 80       		.byte	-128
 874 034e 5B       		.byte	91
 875 034f 40       		.byte	64
 876 0350 C0       		.byte	-64
 877 0351 10       		.byte	16
 878 0352 D4       		.byte	-44
 879 0353 80       		.byte	-128
 880 0354 8F       		.byte	-113
 881 0355 40       		.byte	64
 882 0356 9F       		.byte	-97
 883 0357 40       		.byte	64
 884 0358 AF       		.byte	-81
 885 0359 80       		.byte	-128
 886 035a EC       		.byte	-20
 887 035b 10       		.byte	16
 888 035c 00       		.byte	0
 889 035d 01       		.byte	1
 890 035e 08       		.byte	8
 891 035f 01       		.byte	1
 892 0360 0A       		.byte	10
 893 0361 01       		.byte	1
 894 0362 00       		.byte	0
 895 0363 00       		.byte	0
 896 0364 02       		.byte	2
 897 0365 00       		.byte	0
 898 0366 01       		.byte	1
 899 0367 02       		.byte	2
 900 0368 02       		.byte	2
 901 0369 00       		.byte	0
 902 036a 02       		.byte	2
 903 036b 00       		.byte	0
 904 036c 00       		.byte	0
 905 036d 00       		.byte	0
 906 036e 00       		.byte	0
 907 036f 00       		.byte	0
 908 0370 00       		.byte	0
 909 0371 7F       		.byte	127
 910 0372 7F       		.byte	127
 911 0373 00       		.byte	0
 912 0374 00       		.byte	0
ARM GAS  C:\Users\lab512\AppData\Local\Temp\ccPa7pOs.s 			page 17


 913 0375 00       		.byte	0
 914 0376 00       		.byte	0
 915 0377 00       		.byte	0
 916              		.section	.cywolatch,"a",%progbits
 917              		.align	2
 918              		.type	cy_meta_wonvl, %object
 919              		.size	cy_meta_wonvl, 4
 920              	cy_meta_wonvl:
 921 0000 BC       		.byte	-68
 922 0001 90       		.byte	-112
 923 0002 AC       		.byte	-84
 924 0003 AF       		.byte	-81
 925              		.section	.cycustnvl,"a",%progbits
 926              		.align	2
 927              		.type	cy_meta_custnvl, %object
 928              		.size	cy_meta_custnvl, 4
 929              	cy_meta_custnvl:
 930 0000 00       		.byte	0
 931 0001 00       		.byte	0
 932 0002 40       		.byte	64
 933 0003 05       		.byte	5
 934              		.section	.cymeta,"a",%progbits
 935              		.align	2
 936              		.type	cy_metadata, %object
 937              		.size	cy_metadata, 12
 938              	cy_metadata:
 939 0000 00       		.byte	0
 940 0001 01       		.byte	1
 941 0002 2E       		.byte	46
 942 0003 12       		.byte	18
 943 0004 30       		.byte	48
 944 0005 69       		.byte	105
 945 0006 00       		.byte	0
 946 0007 01       		.byte	1
 947 0008 00       		.byte	0
 948 0009 00       		.byte	0
 949 000a 00       		.byte	0
 950 000b 00       		.byte	0
 951              		.section	.cyflashprotect,"a",%progbits
 952              		.align	2
 953              		.type	cy_meta_flashprotect, %object
 954              		.size	cy_meta_flashprotect, 256
 955              	cy_meta_flashprotect:
 956 0000 00000000 		.space	256
 956      00000000 
 956      00000000 
 956      00000000 
 956      00000000 
 957              		.text
 958              	.Letext0:
 959              		.file 1 ".\\Generated_Source\\PSoC5\\cymetadata.c"
 960              		.file 2 ".\\Generated_Source\\PSoC5\\cytypes.h"
 961              		.section	.debug_info,"",%progbits
 962              	.Ldebug_info0:
 963 0000 37010000 		.4byte	0x137
 964 0004 0400     		.2byte	0x4
 965 0006 00000000 		.4byte	.Ldebug_abbrev0
ARM GAS  C:\Users\lab512\AppData\Local\Temp\ccPa7pOs.s 			page 18


 966 000a 04       		.byte	0x4
 967 000b 01       		.uleb128 0x1
 968 000c 94000000 		.4byte	.LASF18
 969 0010 01       		.byte	0x1
 970 0011 00000000 		.4byte	.LASF19
 971 0015 AA010000 		.4byte	.LASF20
 972 0019 00000000 		.4byte	.Ldebug_line0
 973 001d 02       		.uleb128 0x2
 974 001e 01       		.byte	0x1
 975 001f 06       		.byte	0x6
 976 0020 9E010000 		.4byte	.LASF0
 977 0024 02       		.uleb128 0x2
 978 0025 01       		.byte	0x1
 979 0026 08       		.byte	0x8
 980 0027 38000000 		.4byte	.LASF1
 981 002b 02       		.uleb128 0x2
 982 002c 02       		.byte	0x2
 983 002d 05       		.byte	0x5
 984 002e 85010000 		.4byte	.LASF2
 985 0032 02       		.uleb128 0x2
 986 0033 02       		.byte	0x2
 987 0034 07       		.byte	0x7
 988 0035 58000000 		.4byte	.LASF3
 989 0039 02       		.uleb128 0x2
 990 003a 04       		.byte	0x4
 991 003b 05       		.byte	0x5
 992 003c 95010000 		.4byte	.LASF4
 993 0040 02       		.uleb128 0x2
 994 0041 04       		.byte	0x4
 995 0042 07       		.byte	0x7
 996 0043 46000000 		.4byte	.LASF5
 997 0047 02       		.uleb128 0x2
 998 0048 08       		.byte	0x8
 999 0049 05       		.byte	0x5
 1000 004a 72010000 		.4byte	.LASF6
 1001 004e 02       		.uleb128 0x2
 1002 004f 08       		.byte	0x8
 1003 0050 07       		.byte	0x7
 1004 0051 2F010000 		.4byte	.LASF7
 1005 0055 03       		.uleb128 0x3
 1006 0056 04       		.byte	0x4
 1007 0057 05       		.byte	0x5
 1008 0058 696E7400 		.ascii	"int\000"
 1009 005c 02       		.uleb128 0x2
 1010 005d 04       		.byte	0x4
 1011 005e 07       		.byte	0x7
 1012 005f 22010000 		.4byte	.LASF8
 1013 0063 04       		.uleb128 0x4
 1014 0064 8F010000 		.4byte	.LASF21
 1015 0068 02       		.byte	0x2
 1016 0069 9201     		.2byte	0x192
 1017 006b 24000000 		.4byte	0x24
 1018 006f 02       		.uleb128 0x2
 1019 0070 04       		.byte	0x4
 1020 0071 04       		.byte	0x4
 1021 0072 32000000 		.4byte	.LASF9
 1022 0076 02       		.uleb128 0x2
ARM GAS  C:\Users\lab512\AppData\Local\Temp\ccPa7pOs.s 			page 19


 1023 0077 08       		.byte	0x8
 1024 0078 04       		.byte	0x4
 1025 0079 6B000000 		.4byte	.LASF10
 1026 007d 02       		.uleb128 0x2
 1027 007e 01       		.byte	0x1
 1028 007f 08       		.byte	0x8
 1029 0080 80010000 		.4byte	.LASF11
 1030 0084 05       		.uleb128 0x5
 1031 0085 63000000 		.4byte	0x63
 1032 0089 95000000 		.4byte	0x95
 1033 008d 06       		.uleb128 0x6
 1034 008e 95000000 		.4byte	0x95
 1035 0092 7703     		.2byte	0x377
 1036 0094 00       		.byte	0
 1037 0095 02       		.uleb128 0x2
 1038 0096 04       		.byte	0x4
 1039 0097 07       		.byte	0x7
 1040 0098 69010000 		.4byte	.LASF12
 1041 009c 07       		.uleb128 0x7
 1042 009d 82000000 		.4byte	.LASF13
 1043 00a1 01       		.byte	0x1
 1044 00a2 1F       		.byte	0x1f
 1045 00a3 AD000000 		.4byte	0xad
 1046 00a7 05       		.uleb128 0x5
 1047 00a8 03       		.byte	0x3
 1048 00a9 00000000 		.4byte	cy_meta_configecc
 1049 00ad 08       		.uleb128 0x8
 1050 00ae 84000000 		.4byte	0x84
 1051 00b2 05       		.uleb128 0x5
 1052 00b3 63000000 		.4byte	0x63
 1053 00b7 C2000000 		.4byte	0xc2
 1054 00bb 09       		.uleb128 0x9
 1055 00bc 95000000 		.4byte	0x95
 1056 00c0 03       		.byte	0x3
 1057 00c1 00       		.byte	0
 1058 00c2 07       		.uleb128 0x7
 1059 00c3 72000000 		.4byte	.LASF14
 1060 00c7 01       		.byte	0x1
 1061 00c8 9B       		.byte	0x9b
 1062 00c9 D3000000 		.4byte	0xd3
 1063 00cd 05       		.uleb128 0x5
 1064 00ce 03       		.byte	0x3
 1065 00cf 00000000 		.4byte	cy_meta_custnvl
 1066 00d3 08       		.uleb128 0x8
 1067 00d4 B2000000 		.4byte	0xb2
 1068 00d8 07       		.uleb128 0x7
 1069 00d9 5B010000 		.4byte	.LASF15
 1070 00dd 01       		.byte	0x1
 1071 00de A9       		.byte	0xa9
 1072 00df E9000000 		.4byte	0xe9
 1073 00e3 05       		.uleb128 0x5
 1074 00e4 03       		.byte	0x3
 1075 00e5 00000000 		.4byte	cy_meta_wonvl
 1076 00e9 08       		.uleb128 0x8
 1077 00ea B2000000 		.4byte	0xb2
 1078 00ee 05       		.uleb128 0x5
 1079 00ef 63000000 		.4byte	0x63
ARM GAS  C:\Users\lab512\AppData\Local\Temp\ccPa7pOs.s 			page 20


 1080 00f3 FE000000 		.4byte	0xfe
 1081 00f7 09       		.uleb128 0x9
 1082 00f8 95000000 		.4byte	0x95
 1083 00fc FF       		.byte	0xff
 1084 00fd 00       		.byte	0
 1085 00fe 07       		.uleb128 0x7
 1086 00ff 46010000 		.4byte	.LASF16
 1087 0103 01       		.byte	0x1
 1088 0104 B7       		.byte	0xb7
 1089 0105 0F010000 		.4byte	0x10f
 1090 0109 05       		.uleb128 0x5
 1091 010a 03       		.byte	0x3
 1092 010b 00000000 		.4byte	cy_meta_flashprotect
 1093 010f 08       		.uleb128 0x8
 1094 0110 EE000000 		.4byte	0xee
 1095 0114 05       		.uleb128 0x5
 1096 0115 63000000 		.4byte	0x63
 1097 0119 24010000 		.4byte	0x124
 1098 011d 09       		.uleb128 0x9
 1099 011e 95000000 		.4byte	0x95
 1100 0122 0B       		.byte	0xb
 1101 0123 00       		.byte	0
 1102 0124 07       		.uleb128 0x7
 1103 0125 26000000 		.4byte	.LASF17
 1104 0129 01       		.byte	0x1
 1105 012a E4       		.byte	0xe4
 1106 012b 35010000 		.4byte	0x135
 1107 012f 05       		.uleb128 0x5
 1108 0130 03       		.byte	0x3
 1109 0131 00000000 		.4byte	cy_metadata
 1110 0135 08       		.uleb128 0x8
 1111 0136 14010000 		.4byte	0x114
 1112 013a 00       		.byte	0
 1113              		.section	.debug_abbrev,"",%progbits
 1114              	.Ldebug_abbrev0:
 1115 0000 01       		.uleb128 0x1
 1116 0001 11       		.uleb128 0x11
 1117 0002 01       		.byte	0x1
 1118 0003 25       		.uleb128 0x25
 1119 0004 0E       		.uleb128 0xe
 1120 0005 13       		.uleb128 0x13
 1121 0006 0B       		.uleb128 0xb
 1122 0007 03       		.uleb128 0x3
 1123 0008 0E       		.uleb128 0xe
 1124 0009 1B       		.uleb128 0x1b
 1125 000a 0E       		.uleb128 0xe
 1126 000b 10       		.uleb128 0x10
 1127 000c 17       		.uleb128 0x17
 1128 000d 00       		.byte	0
 1129 000e 00       		.byte	0
 1130 000f 02       		.uleb128 0x2
 1131 0010 24       		.uleb128 0x24
 1132 0011 00       		.byte	0
 1133 0012 0B       		.uleb128 0xb
 1134 0013 0B       		.uleb128 0xb
 1135 0014 3E       		.uleb128 0x3e
 1136 0015 0B       		.uleb128 0xb
ARM GAS  C:\Users\lab512\AppData\Local\Temp\ccPa7pOs.s 			page 21


 1137 0016 03       		.uleb128 0x3
 1138 0017 0E       		.uleb128 0xe
 1139 0018 00       		.byte	0
 1140 0019 00       		.byte	0
 1141 001a 03       		.uleb128 0x3
 1142 001b 24       		.uleb128 0x24
 1143 001c 00       		.byte	0
 1144 001d 0B       		.uleb128 0xb
 1145 001e 0B       		.uleb128 0xb
 1146 001f 3E       		.uleb128 0x3e
 1147 0020 0B       		.uleb128 0xb
 1148 0021 03       		.uleb128 0x3
 1149 0022 08       		.uleb128 0x8
 1150 0023 00       		.byte	0
 1151 0024 00       		.byte	0
 1152 0025 04       		.uleb128 0x4
 1153 0026 16       		.uleb128 0x16
 1154 0027 00       		.byte	0
 1155 0028 03       		.uleb128 0x3
 1156 0029 0E       		.uleb128 0xe
 1157 002a 3A       		.uleb128 0x3a
 1158 002b 0B       		.uleb128 0xb
 1159 002c 3B       		.uleb128 0x3b
 1160 002d 05       		.uleb128 0x5
 1161 002e 49       		.uleb128 0x49
 1162 002f 13       		.uleb128 0x13
 1163 0030 00       		.byte	0
 1164 0031 00       		.byte	0
 1165 0032 05       		.uleb128 0x5
 1166 0033 01       		.uleb128 0x1
 1167 0034 01       		.byte	0x1
 1168 0035 49       		.uleb128 0x49
 1169 0036 13       		.uleb128 0x13
 1170 0037 01       		.uleb128 0x1
 1171 0038 13       		.uleb128 0x13
 1172 0039 00       		.byte	0
 1173 003a 00       		.byte	0
 1174 003b 06       		.uleb128 0x6
 1175 003c 21       		.uleb128 0x21
 1176 003d 00       		.byte	0
 1177 003e 49       		.uleb128 0x49
 1178 003f 13       		.uleb128 0x13
 1179 0040 2F       		.uleb128 0x2f
 1180 0041 05       		.uleb128 0x5
 1181 0042 00       		.byte	0
 1182 0043 00       		.byte	0
 1183 0044 07       		.uleb128 0x7
 1184 0045 34       		.uleb128 0x34
 1185 0046 00       		.byte	0
 1186 0047 03       		.uleb128 0x3
 1187 0048 0E       		.uleb128 0xe
 1188 0049 3A       		.uleb128 0x3a
 1189 004a 0B       		.uleb128 0xb
 1190 004b 3B       		.uleb128 0x3b
 1191 004c 0B       		.uleb128 0xb
 1192 004d 49       		.uleb128 0x49
 1193 004e 13       		.uleb128 0x13
ARM GAS  C:\Users\lab512\AppData\Local\Temp\ccPa7pOs.s 			page 22


 1194 004f 3F       		.uleb128 0x3f
 1195 0050 19       		.uleb128 0x19
 1196 0051 02       		.uleb128 0x2
 1197 0052 18       		.uleb128 0x18
 1198 0053 00       		.byte	0
 1199 0054 00       		.byte	0
 1200 0055 08       		.uleb128 0x8
 1201 0056 26       		.uleb128 0x26
 1202 0057 00       		.byte	0
 1203 0058 49       		.uleb128 0x49
 1204 0059 13       		.uleb128 0x13
 1205 005a 00       		.byte	0
 1206 005b 00       		.byte	0
 1207 005c 09       		.uleb128 0x9
 1208 005d 21       		.uleb128 0x21
 1209 005e 00       		.byte	0
 1210 005f 49       		.uleb128 0x49
 1211 0060 13       		.uleb128 0x13
 1212 0061 2F       		.uleb128 0x2f
 1213 0062 0B       		.uleb128 0xb
 1214 0063 00       		.byte	0
 1215 0064 00       		.byte	0
 1216 0065 00       		.byte	0
 1217              		.section	.debug_aranges,"",%progbits
 1218 0000 14000000 		.4byte	0x14
 1219 0004 0200     		.2byte	0x2
 1220 0006 00000000 		.4byte	.Ldebug_info0
 1221 000a 04       		.byte	0x4
 1222 000b 00       		.byte	0
 1223 000c 0000     		.2byte	0
 1224 000e 0000     		.2byte	0
 1225 0010 00000000 		.4byte	0
 1226 0014 00000000 		.4byte	0
 1227              		.section	.debug_line,"",%progbits
 1228              	.Ldebug_line0:
 1229 0000 4F000000 		.section	.debug_str,"MS",%progbits,1
 1229      02004900 
 1229      00000201 
 1229      FB0E0D00 
 1229      01010101 
 1230              	.LASF19:
 1231 0000 2E5C4765 		.ascii	".\\Generated_Source\\PSoC5\\cymetadata.c\000"
 1231      6E657261 
 1231      7465645F 
 1231      536F7572 
 1231      63655C50 
 1232              	.LASF17:
 1233 0026 63795F6D 		.ascii	"cy_metadata\000"
 1233      65746164 
 1233      61746100 
 1234              	.LASF9:
 1235 0032 666C6F61 		.ascii	"float\000"
 1235      7400
 1236              	.LASF1:
 1237 0038 756E7369 		.ascii	"unsigned char\000"
 1237      676E6564 
 1237      20636861 
ARM GAS  C:\Users\lab512\AppData\Local\Temp\ccPa7pOs.s 			page 23


 1237      7200
 1238              	.LASF5:
 1239 0046 6C6F6E67 		.ascii	"long unsigned int\000"
 1239      20756E73 
 1239      69676E65 
 1239      6420696E 
 1239      7400
 1240              	.LASF3:
 1241 0058 73686F72 		.ascii	"short unsigned int\000"
 1241      7420756E 
 1241      7369676E 
 1241      65642069 
 1241      6E7400
 1242              	.LASF10:
 1243 006b 646F7562 		.ascii	"double\000"
 1243      6C6500
 1244              	.LASF14:
 1245 0072 63795F6D 		.ascii	"cy_meta_custnvl\000"
 1245      6574615F 
 1245      63757374 
 1245      6E766C00 
 1246              	.LASF13:
 1247 0082 63795F6D 		.ascii	"cy_meta_configecc\000"
 1247      6574615F 
 1247      636F6E66 
 1247      69676563 
 1247      6300
 1248              	.LASF18:
 1249 0094 474E5520 		.ascii	"GNU C 4.9.3 20150303 (release) [ARM/embedded-4_9-br"
 1249      4320342E 
 1249      392E3320 
 1249      32303135 
 1249      30333033 
 1250 00c7 616E6368 		.ascii	"anch revision 221220] -mcpu=cortex-m3 -mthumb -g -O"
 1250      20726576 
 1250      6973696F 
 1250      6E203232 
 1250      31323230 
 1251 00fa 67202D66 		.ascii	"g -ffunction-sections -ffat-lto-objects\000"
 1251      66756E63 
 1251      74696F6E 
 1251      2D736563 
 1251      74696F6E 
 1252              	.LASF8:
 1253 0122 756E7369 		.ascii	"unsigned int\000"
 1253      676E6564 
 1253      20696E74 
 1253      00
 1254              	.LASF7:
 1255 012f 6C6F6E67 		.ascii	"long long unsigned int\000"
 1255      206C6F6E 
 1255      6720756E 
 1255      7369676E 
 1255      65642069 
 1256              	.LASF16:
 1257 0146 63795F6D 		.ascii	"cy_meta_flashprotect\000"
 1257      6574615F 
ARM GAS  C:\Users\lab512\AppData\Local\Temp\ccPa7pOs.s 			page 24


 1257      666C6173 
 1257      6870726F 
 1257      74656374 
 1258              	.LASF15:
 1259 015b 63795F6D 		.ascii	"cy_meta_wonvl\000"
 1259      6574615F 
 1259      776F6E76 
 1259      6C00
 1260              	.LASF12:
 1261 0169 73697A65 		.ascii	"sizetype\000"
 1261      74797065 
 1261      00
 1262              	.LASF6:
 1263 0172 6C6F6E67 		.ascii	"long long int\000"
 1263      206C6F6E 
 1263      6720696E 
 1263      7400
 1264              	.LASF11:
 1265 0180 63686172 		.ascii	"char\000"
 1265      00
 1266              	.LASF2:
 1267 0185 73686F72 		.ascii	"short int\000"
 1267      7420696E 
 1267      7400
 1268              	.LASF21:
 1269 018f 75696E74 		.ascii	"uint8\000"
 1269      3800
 1270              	.LASF4:
 1271 0195 6C6F6E67 		.ascii	"long int\000"
 1271      20696E74 
 1271      00
 1272              	.LASF0:
 1273 019e 7369676E 		.ascii	"signed char\000"
 1273      65642063 
 1273      68617200 
 1274              	.LASF20:
 1275 01aa 433A5C55 		.ascii	"C:\\Users\\lab512\\Desktop\\lmx_borrow\\Servo\\Serv"
 1275      73657273 
 1275      5C6C6162 
 1275      3531325C 
 1275      4465736B 
 1276 01d7 6F2E6379 		.ascii	"o.cydsn\000"
 1276      64736E00 
 1277              		.ident	"GCC: (GNU Tools for ARM Embedded Processors) 4.9.3 20150303 (release) [ARM/embedded-4_9-br
